<?xml version="1.0" encoding="UTF-8"?>
<!-- Generated by org.testng.reporters.JUnitXMLReporter -->
<testsuite hostname="DESKTOP-G37V2UJ" name="Ikman App test" tests="4" failures="1" timestamp="5 Oct 2021 06:47:59 GMT" time="47.023" errors="0">
  <testcase name="login" time="17.343" classname="com.ikman.testCases.Login_ikman"/>
  <testcase name="verify_ikman_title" time="0.016" classname="com.ikman.testCases.Login_ikman">
    <failure type="java.lang.AssertionError" message="expected [ikman.lk] but found [ikman.lk - Electronics, Cars, Property and Jobs in Sri Lanka!]">
      <![CDATA[java.lang.AssertionError: expected [ikman.lk] but found [ikman.lk - Electronics, Cars, Property and Jobs in Sri Lanka!]
	at com.ikman.testCases.Login_ikman.verify_ikman_title(Login_ikman.java:58)
... Removed 30 stack frames]]>
    </failure>
  </testcase> <!-- verify_ikman_title -->
  <testcase name="post_ikmn" time="11.67" classname="com.ikman.testCases.PostAd_ikman"/>
  <testcase name="setproperty_details" time="6.659" classname="com.ikman.testCases.PostAd_ikman"/>
</testsuite> <!-- Ikman App test -->
